0.16334798770310227
0.14292063679197162
0.11281871661978228
0.06950696905531259
0.08186216533855492
0.08716215364841687
0.07553331340488066
0.08084597328977815
0.08154249503131929
0.0914004370753449
0.0826075683376726
0.07770783288400641
0.07233376882640025	0.06036545979231054	221.23639467126975
0.06531561296268655	0.06294084994881874	220.98519690467418
0.07391694894912124
0.08286013351433853
0.0838108176833288
0.07949563001348971
0.0781261650154519
0.08549660464184432
0.09639707929406151	0.0721873099834286	239.3341280647742
0.07551567338854343	0.09793037678033165	0.0721873099834286	290.61600126302335	238.11481433187112
0.11715810767115958	0.06303807751156124	237.60568719862678
0.13944207208177198	0.06205655395674222	237.7375884239707
0.16950164236216972	0.057856226527715264	237.71047698926122
0.17235211905405773	0.05268012762147922	237.52622222128588
0.31145071694355414	0.1830395062291601	0.06369917669021374	286.7587225254039	238.12618447653892
0.18934398399179514	0.061630902908568555	237.50037344772383
0.1664596263396335	0.055222797952278885	236.47348632248335
0.1664596263396335	0.05222900021038724	236.30107294907322
0.1664596263396335	0.05222900021038724	236.38141973752022
0.1406654542887083	0.059883564766236984	236.3278312081107
0.14549856549262147	0.044245457967024025	236.3083525181659
0.14549856549262147	0.049892203919710165	236.3083525181659
0.14077683988952983	0.056178638845683256	236.24898088337147
0.14077683988952983	0.059835925162505986	235.59808027013455
0.1821714872085878	0.05221818534251689	236.4439353080519
0.17160834555413587	0.05052405525251963	236.4439353080519
0.1479729089088904	0.04753469384583514	236.4439353080519
0.15926154466003786	0.05695821788642114	236.07662599332141
0.15926154466003786	0.05695821788642114	236.36412218244888
0.14218498776252061	0.05695821788642114	236.03483752016575
0.14218498776252061	0.054120569572727435	236.33642164384753
0.14218498776252061	0.05973275191107783	236.829718236307
0.1623327337473025	0.06532503867359045	236.829718236307
0.1658784606548059	0.05913186115760012	236.76898294279988
0.164205146461009	0.16651374970743807	0.05913186115760012	278.75829975577557	236.41793607016265
0.1658837919978207	0.05913186115760012	237.00283542556312
0.17946665358175604	0.05626074297471039	236.83484324575062
0.17247817071350893	0.05434736856922638	236.3439921508984
0.18977068898974683	0.05091000073641204	236.42157673443418
0.18611193937104278	0.05091000073641204	236.1495486115403
0.16321210847036643	0.053146970073100416	236.16566992022078
0.1849632783018884	0.029984023056356446	0.05308270952814844	236.17531741861035	233.98441954631198
0.168619410207829	0.05184481757626994	236.4385786132901
0.16946379096182881	0.05554174928541419	235.9652597705027
0.1609235333991645	0.05554174928541419	235.9405341183127
0.15249007033282408	0.05554174928541419	236.33412976062021
0.14575044495461278	0.055541749285414166	235.85650536345332
0.14575044495461278	0.057681817424715225	236.3969308885095
0.1504891464885884	0.04619979815654463	236.3968734599196
0.1504891464885884	0.03510573901681412	0.06895001310009087	236.3968734599196	206.07907741669825
0.18211798028957174	0.03674480498928389	0.06493692090281214	236.3968734599196	206.07907741669825
0.18211798028957174	0.03674480498928389	0.06493692090281214	236.3968734599196	206.07907741669825
0.15729307003232368	0.17706084189177682	0.03233917015499213	0.07842078328425174	269.2945241964395	236.3968734599196	206.07907741669825
0.15037417981801246	0.18200048256989013	0.030855710573603836	0.08277048773584694	269.2945241964395	236.3968734599196	206.07907741669825
0.195412270965754	0.18514620094471565	0.03627265701558818	0.08496463884674753	269.2945241964395	236.3968734599196	206.07907741669825
0.18953543500720418	0.04216533703438009	0.07279682557001217	236.3968734599196	206.07907741669825
0.16444309549391753	0.04216533703438009	0.0635312221998257	236.3968734599196	206.07907741669825
0.1598068603502356	0.0400109903259176	0.06527484763009432	236.30374482705352	205.88696301151202
0.1598068603502356	0.04052927087016143	0.07757542252127844	236.13117523092706	206.6365796914757
0.16600313223012325	0.04052927087016143	0.06510687238350994	236.4969291919608	206.15863439617962
0.16600313223012325	0.04052927087016143	0.06510687238350994	235.91920384315281	206.13250897323303
0.16600313223012325	0.03481163587539779	0.08439738896537727	236.0393969797338	206.50027567244092
0.14598999753401595	0.040120100734889995	0.0922756864138433	236.03186860407558	206.5052627312292
0.14598999753401595	0.040120100734889995	0.0922756864138433	236.0519326146443	206.71708871893597
0.14598999753401595	0.043307579543869795	236.2011826948733
0.1528410460556684	0.043457281201688625	0.05707999341840123	236.1180963053631	203.46469289812032
0.16103892577761567	0.04192802682597786	0.05707999341840123	235.5231278641009	203.18857869513045
0.15572955032599156	0.05244822333926131	235.5231278641009
0.1693657628928521	0.046794136349748494	0.06387855118740596	236.2299397364875	211.6985037064668
0.1693657628928521	0.03914871563156243	0.05581211035759682	236.51943063184407	212.3162078596009
0.13600440449470524	0.04305345445328017	0.060167729375187363	236.1760640355867	211.51798893198756
0.13600440449470524	0.04934083171991246	236.2283421142903
0.14221016130280736	0.05163873591275601	235.68902562798496
0.16512970968925025	0.045058119887779496	235.98685198044626
0.15601060781218828	0.049435713181314685	235.54321636338253
0.15562002794930918	0.048324361788868855	236.01016752000584
0.17293726077545762	0.04117583960151605	236.1112413801337
0.12751598865437716	0.04233743612586662	235.94391998239897
0.12751598865437716	0.04233743612586662	235.55521356113348
0.14174889278005443	0.04233743612586662	235.71341104832183
0.14928207489513928	0.03474991473634998	0.05308010334783905	236.05572646913	206.10823745281328
0.14928207489513928	0.03725032212598836	236.25673936478725
0.176044975044749	0.04970491318854353	236.25673936478725
0.18439727767560699	0.04920711893629867	236.43931469339594
0.15062885108047572	0.05732371830895372	236.21120509628057
0.14165025350733212	0.05632595240977379	236.50032156158645
0.1459318922338151	0.05632595240977379	236.24100961880387
0.1680589192858579	0.048982596145888326	236.04443749639083
0.18708509634627374	0.044282722883487426	235.57475598314448
0.18585674281680284	0.046074548298050695	236.22997693523095
0.18585674281680284	0.050412408417573426	236.22997693523095
0.15043827675608695	0.04839302722718039	236.22997693523095
0.17618187573940994	0.04349099445978034	236.22997693523095
0.2103785885465213	0.04670412316947393	236.1079018422034
0.1962333021612685	0.05205175621770746	236.2578331948003
0.1962333021612685	0.04686657168478462	235.81750151996442
0.20864857597930814	0.04686657168478462	236.19408817415461
0.20864857597930814	0.04686657168478462	236.1078296269357
0.2030802049993836	0.04686657168478462	236.1078296269357
0.17562237860214613	0.053479839974396946	235.71349068616507
0.17823365022960458	0.053479839974396946	235.9390993784391
0.17287089241754128	0.04764888994209166	235.9390993784391
0.17763111028921566	0.054441271722116234	235.90645401824582
0.18109580490742527	0.052363703239814915	235.93707368599522
0.17515181289507395	0.052363703239814915	236.46235320512866
0.17515181289507395	0.049715063933653277	236.2965381132015
0.18468154234831763	0.05870371447583985	236.40651076152673
0.1793310600385663	0.055794319236771646	236.32094507185735
0.1717682218923885	0.04609339657209189	236.32094507185735
0.1717682218923885	0.04267700221951418	236.32094507185735
0.18528330044485752	0.040337568259925675	235.83026090236774
0.16663133419023887	0.04724175584541177	235.92720391248287
0.1489003751773444	0.0516472581170741	235.17191255270689
0.1489003751773444	0.05586740838337206	0.05009531648936896	234.3496118094334	224.60425234651666
0.1489003751773444	0.05150866165792295	233.8173452583613
0.14846442214532007	0.16101005997942397	0.05010542472251791	290.60210684093573	233.43496091336303
0.13711933134658635	0.04509038256604803	233.30845410273486
0.1537117954592553	0.0403761977395685	233.4368711606954
0.1537117954592553	0.04252421301823946	234.10620107252595
0.1537117954592553	0.04252421301823946	234.0979590533221
0.1537117954592553	0.04592027751796151	233.99256543809472
0.16423191518002495	0.04592027751796151	234.45671738615997
0.17308747501300334	0.051971444689537356	233.8177673556095
0.17308747501300334	0.05706068273605535	234.5027494248416
0.15455905334726275	0.05706068273605535	234.40398690506262
0.18204383992289472	0.05706068273605535	233.97972997369052
0.18204383992289472	0.050696283046391254	233.77525059970282
0.19578940892106278	0.1609168571241391	0.04691924070159026	280.84521897879057	233.95700506528692
0.1733228781816437	0.051110639121413635	234.06061199071428
0.15385427374461264	0.047868829910490795	234.22903395550557
0.15189747149569882	0.047868829910490795	234.33943162336303
0.1411634233117172	0.05303804480526819	234.05971357383567
0.15399214385916915	0.055109445829928695	234.44100595574287
0.1545076699181944	0.047254458510777246	234.52841688488923
0.17102789133020638	0.04493812053037373	234.52841688488923
0.15418845286141628	0.04208950729702399	234.59136321987665
0.1627802602266231	0.049305792514818675	234.69437913105497
0.17591915702162278	0.049305792514818675	235.16910287190404
0.16999257913878285	0.047814283914790645	235.30727753916557
0.1698904623148267	0.04805362335853666	235.70697146491594
0.1698904623148267	0.04305049204912362	235.4419785756991
0.1698904623148267	0.04305049204912362	235.62873520950617
0.1698904623148267	0.04948492073361416	235.62873520950617
0.1713275043468936	0.04948492073361416	235.29998517540548
0.17408814173312395	0.04948492073361416	235.59429400577247
0.16997936969635782	0.053475168786642845	235.12157508451529
0.14060819756510284	0.043752821405306785	235.12157508451529
0.1307845773545527	0.1561454906619726	0.044853788155127555	268.5520110922815	234.67212151634112
0.1637110196318151	0.03743644138672311	235.02720449037278
0.1637110196318151	0.035867211608124436	234.86824911004823
0.1637110196318151	0.03557416503066424	235.3775545758511
0.1848252067515291	0.04190594876615226	235.7471346109236
0.17367297339648471	0.041159478514896625	235.8890024166672
0.17367297339648471	0.041159478514896625	235.9168519617756
0.1468440926756087	0.04313383464337461	235.47717938704562
0.16597173725032854	0.04313383464337461	235.48058787602554
0.1507282811039309	0.04703792639854652	235.58838703131002
0.1376783891150369	0.04263217366956707	235.53752211554783
0.13270547026055873	0.042878709600920335	235.47215250178985
0.14737307467171937	0.03715353041318856	235.51069465475467
0.1732951220844829	0.040306437262652116	235.38017227578842
0.1563621569507859	0.05584922645589769	0.029622245240311013	0.05050425136117592	234.88217453337006	224.27707904620064	207.1528231042441
0.14507735442350733	0.04059406815666165	235.661914633019
0.13441241641643462	0.04059406815666165	235.72575036027408
0.1330427714623984	0.0408898601834737	235.7856180438967
0.1290045608256164	0.040866145073477106	235.77450228593398
0.1290045608256164	0.0481084079406055	235.56599974870142
0.1290045608256164	0.0481084079406055	235.02387480981366
0.12849610783412502	0.052450290410437854	234.7098750141999
0.14297030303203592	0.055036338462615436	234.87761613618264
0.14297030303203592	0.050865586791215917	234.62813916751603
0.14297030303203592	0.05919458416283975	233.47362760214403
0.16219066518239506	0.05562881433695744	233.47362760214403
0.1654962920294318	0.057802934589135185	233.96580178223283
0.17361753867572607	0.055480455586252225	233.63597651768777
0.17361753867572607	0.055480455586252225	233.4087091926938
0.14507096242803044	0.04851987005535448	233.4087091926938
0.12856475588054042	0.05640330906269903	233.59851233910626
0.1522691552707134	0.051493645535482385	233.82760248442293
0.1580435317397481	0.051326652672847396	233.82760248442293
0.15239167031483222	0.04289648123958602	0.07608482679642439	233.82760248442293	207.84000891353955
0.15397940407996763	0.05871837732306394	0.03458416850731617	0.06383025951764418	233.85782402036907	223.50231036531454	207.5587697078703
0.13941374940904552	0.04202534107546641	0.03731175731992389	0.08061589052056915	233.80060423661894	223.24572135732333	207.9820163004983
0.15616244606709373	0.039171217156527556	0.08874446955390185	233.87688084332046	207.53291870647988
0.14232964287970937	0.037492465638048526	0.08874446955390185	233.8524452424531	206.90125626369016
0.12740450667125486	0.03789966989154449	0.09250238352135819	233.3370098387662	206.67831946497756
0.12740450667125486	0.03733149143928237	0.07966247550971918	233.35249235316869	206.37060194701752
0.14193745786962858	0.03414507772433099	0.09446943649875136	233.11873471944122	206.25313591267332
0.14193745786962858	0.0410425764320543	0.09406485138067804	232.976018099354	206.31005899318052
0.15907355202217865	0.03433281307170815	0.09406485138067804	232.976018099354	206.31005899318052
0.15907355202217865	0.03433281307170815	0.09406485138067804	232.88049592433532	205.66620615937026
0.15907355202217865	0.03433281307170815	0.09406485138067804	233.04615142694192	205.96567395526566
0.15907355202217865	0.0392898506193954	0.08487185265990707	233.32562845278278	205.66159814011988
0.13827232356246197	0.03493429238713543	0.10524355102601264	233.84005750076207	205.54223787209574
0.1339333375852312	0.02732268098732407	0.09934243914374921	233.87998233350658	205.14393075175843
0.1339333375852312	0.025862303272329173	0.09934243914374921	234.04058070319255	205.1248801197782
0.1421677163306865	0.025862303272329173	0.09934243914374921	234.11549112398308	205.1586359562042
0.1426644826436997	0.03289244420835948	0.1047636571936296	234.3229783662312	205.28966104174555
0.17488124373328423	0.03757726159707686	0.10253829895393311	234.42809154088096	205.66664628590556
0.16792171283203908	0.034381439125080904	0.09671085802531014	235.4599029805691	205.42458325999522
0.1664522927297666	0.04436919055559849	0.0859091174235964	235.60230947560748	205.6883158765857
0.15351286505814501	0.04436919055559849	0.09608166294482429	0.03980451007363175	235.95730065958614	206.07518430250383	199.81117433795333
0.158683466796211	0.036887256124949794	0.12422043880418861	0.03870177416943411	235.76010185490233	205.3683621795939	199.81117433795333
0.1786947469069013	0.04040101071962579	0.08716605149686597	0.033515878018472854	235.56891831630773	205.29591251157302	200.31819560665593
0.1786947469069013	0.04040101071962579	0.07633433051829784	235.35118072194916	205.46292340731011
0.18029026513450405	0.03613879376312501	0.0809743326476223	235.29189768211606	205.57124777849697
0.16547821411359573	0.03568313892402336	0.06732338128407507	235.75366119857512	205.22896081266424
0.1542997176306754	0.03931286298034467	0.09118775258281027	235.2122447491927	205.53703791364592
0.1503398930031324	0.03789289465340484	0.09181691326813986	235.5129869652314	205.33500631037344
0.1503398930031324	0.040427947956213545	0.09181691326813986	234.9517202168506	205.41169500725917
0.1503398930031324	0.040427947956213545	0.09181691326813986	235.59988988735307	206.1831029294322
0.1735669173182272	0.04207794789249638	0.07446475476159051	235.8083291895611	205.25298076614322
0.14577382018079452	0.04207794789249638	0.06716169949442305	235.8083291895611	205.25298076614322
0.14577382018079452	0.03743659669216232	0.0880197893306667	235.4240914177214	205.46534844817532
0.17226883532738527	0.039758769491660295	0.0880197893306667	235.33078269611818	205.8163580651705
0.16016012542789182	0.04021889341699864	0.0880197893306667	234.96246771227518	206.64845004842778
0.15673105909762092	0.03517004572481237	0.06764974106163477	234.96246771227518	206.64845004842778
0.43798909132243646	0.15756423198296304	0.030005313556544965	0.08053251521375934	293.59138229903675	234.96246771227518	206.64845004842778
0.42860530159200977	0.15756423198296304	0.04315167917902322	0.09122098180991785	293.74669526758595	235.47248761740988	206.80424516084022
0.5223418077041786	0.15544964648075685	0.04315167917902322	0.09443806103786791	293.62559523756903	235.599053923686	207.13823408168645
0.49013371868674505	0.15544964648075685	0.04315167917902322	0.09443806103786791	293.1754216874413	235.77375387472074	206.9302069050523
0.49013371868674505	0.15544964648075685	0.04315167917902322	0.09443806103786791	293.75911449115955	235.9336019249725	206.24203368096516
0.18356399470059295	0.042399878643875705	0.10555094495772571	235.4577652441392	205.75508171867958
0.11934974549300383	0.16823659278579	0.03652237039807026	0.12248125307908293	279.4972065781605	235.64653855185526	205.6080376319477
0.16376578765428532	0.04118897085973693	0.0970017557285016	235.585534277669	205.3973655975364
0.15760233435159418	0.04054386770590343	0.11565813057295321	235.585534277669	205.3973655975364
0.18965226398032267	0.04191819583662328	0.0962693743045702	235.585534277669	205.3973655975364
0.14801712967567726	0.043005042520800764	0.0962693743045702	235.585534277669	205.3973655975364
0.1474054989892838	0.04357308293777484	0.11035966590367963	235.585534277669	205.3973655975364
0.1556965029613889	0.045401270154656795	0.11963992397208366	235.59627392455872	205.31567572220956
0.1556965029613889	0.04979801529919742	0.11963992397208366	235.6961877347327	205.4535527070261
0.15230879933290958	0.05321258512016826	0.11762817765304513	235.99043710846783	205.00825462777118
0.1363271985631993	0.048338593455716	0.1279123413835832	235.446237941609	204.90821233193952
0.1344350787962839	0.04344615125726843	0.10252453337018863	235.4166117817667	205.21979250059255
0.12133260592425994	0.039880522549766456	0.10882782449884887	236.10617845897164	205.0766416416987
0.13472023900488556	0.03548631900183565	0.08650280900960897	236.10617845897164	205.0766416416987
0.13472023900488556	0.03548631900183565	0.08650280900960897	235.26541783287811	204.8768496458269
0.13318926528459463	0.03561239444239657	0.0829441166254302	236.13335539137765	205.00818006956086
0.13318926528459463	0.03619756873015286	0.0829441166254302	235.6467379675138	205.1243264597974
0.13318926528459463	0.03631024971653184	0.09021177131073393	235.42931565566997	204.37721896865804
0.1500109598379421	0.039819671549346014	0.08968213938764628	235.2271784515142	204.46866327529438
0.1500109598379421	0.03947165331131274	0.08767245149752438	235.2271784515142	204.46866327529438
0.13673522409082345	0.040317717467498904	0.0917325097162696	235.2271784515142	204.46866327529438
0.14895604783154437	0.04451345389776621	0.08823882099220583	235.65797669322603	205.26098597419428
0.17065882745442476	0.04939694060233953	0.09074235442227828	235.48642941486912	205.81249451339258
0.17065882745442476	0.04939694060233953	0.08844204011325407	235.34768549228454	206.17939674306015
0.15709179598606834	0.03619308847981136	0.10328462024220383	235.34768549228454	206.17939674306015
0.1535411630199164	0.03619308847981136	0.10328462024220383	235.4786008240711	206.19398738991092
0.13634167893355806	0.03619308847981136	0.10328462024220383	234.8750277189304	206.68738857210312
0.14003499802300354	0.0696707749262091	0.025621823010081275	0.10328462024220383	234.9419844595106	224.55762112703238	206.906915708579
0.14036653968444188	0.0696707749262091	0.021792431173794733	0.09512319349110655	234.63891722134792	224.77643692493368	207.47585708122512
0.11906927758708837	0.0696707749262091	0.019957777865600726	0.09512319349110655	234.649557721678	224.9307878050708	207.87813988252424
0.11906927758708837	0.0696707749262091	0.019957777865600726	0.09512319349110655	235.1864329161971	223.9809238163713	207.886573071079
0.12465136405273126	0.06530056049086949	0.027579707712747058	0.08563927009173815	234.8709204705651	223.3791233379958	207.4772910485237
0.11228458653903786	0.06530056049086949	0.025689367482226715	0.09469120925242026	234.44409048405282	223.99487141338238	207.63200662567698
0.11228458653903786	0.04186185971512182	0.08654155579265671	234.78136831289382	207.81549299005667
0.11607424610517501	0.04462558262934355	0.08101278049700793	234.5206504749756	207.77608980365602
0.11607424610517501	0.039628544598532385	0.07539441348364895	234.144089384676	208.54122986171677
0.12475181116091452	0.04741807117926483	0.06739763678394153	233.6642942662164	209.08653786351135
0.14528850854038491	0.04741807117926483	0.07274573989697154	233.5344717522174	209.2429937850633
0.14528850854038491	0.053590696871911286	233.3160114327076
0.15450718627368987	0.05446844750835531	233.0188500370008
0.1585725213298809	0.04271306983522611	0.08327559098272828	233.43456618855816	206.9406576794005
0.1585725213298809	0.039455164934785306	0.07620407554633661	234.087989723116	206.9417322294644
0.1585725213298809	0.040824803394784594	0.0838499884100513	234.38082690258673	206.7298629394964
0.16617341236245767	0.0621819943955122	0.02707758409059771	0.07770794716495343	235.23052025458853	222.28165345767815	206.96466803180041
0.14956526882651267	0.06293135330909375	0.024713035042105237	0.09124821612645874	235.04086167514365	221.58480890535796	206.92446032517054
0.1640475468880054	0.03391888233020039	0.09124821612645874	235.26412315908814	206.89619974622636
0.17277292012437007	0.03391888233020039	0.09124821612645874	235.02617531850436	207.22284362711136
0.14595267828595937	0.03391888233020039	0.09124821612645874	235.02617531850436	207.22284362711136
0.1495749737751212	0.04288765281878221	235.48089091517437
0.1495749737751212	0.047171794256837714	234.71574788103032
0.1495749737751212	0.047171794256837714	234.15221275964336
0.14465737633479736	0.047171794256837714	234.26315180090538
0.14465737633479736	0.044797267606208474	234.76421207577718
0.14434398844191051	0.04459947373328457	234.78370454520424
0.14434398844191051	0.04459947373328457	234.66917525638166
0.14434398844191051	0.03943544408277102	233.68792122045167
0.1661714748438625	0.03943544408277102	233.2093066301966
0.14308211279734667	0.14513121226356462	0.03887203612203226	240.2679288667793	233.37815416760654
0.14332075619198464	0.037376965071832066	233.05922632585808
0.14332075619198464	0.037376965071832066	233.05922632585808
0.1500635855178576	0.04355026156954888	233.27153897402818
0.15765990008613937	0.040842773941142906	233.20286892907166
0.1428472953644367	0.040252408685914176	233.44497836853054
0.1583787163571856	0.04342278188642479	233.66734260837
0.16576654347132389	0.04342278188642479	233.93021694354067
0.1537718410983875	0.04770475286753252	233.7447057640345
0.1537718410983875	0.04677990383832996	234.92565969887428
0.13234584931622018	0.04533861248256833	235.5679359559402
0.16325146228327625	0.04528371817900994	0.06288580248679586	235.14431430721555	204.91195394663066
0.1463664293209752	0.042758074594123806	0.06288580248679586	234.9255889587623	204.94065495927407
0.1563628478278417	0.05027727695014723	235.2819257207611
0.1563628478278417	0.048060573300521756	235.61420385097603
0.16254283421742743	0.048060573300521756	235.31541090130415
0.1425043173897061	0.04143506521786484	234.31246314539132
0.1425043173897061	0.04143506521786484	233.21834683554633
0.15630571546293054	0.04143506521786484	232.93857856729892
0.15630571546293054	0.03768964649246781	232.93857856729892
0.1533591392745169	0.03768964649246781	232.96898411426386
0.16614859798386755	0.03768964649246781	233.7539617018642
0.16614859798386755	0.03768964649246781	234.60654251210974
0.1615426961432668	0.04210182954516689	235.1979428222582
0.16803810230112246	0.04210182954516689	235.1979428222582
0.179475075693181	0.04763503370712706	234.8447108559646
0.14406825010933713	0.05042890792962632	235.09557475724637
0.15088564162370477	0.04370300283269314	235.09557475724637
0.17254278949933038	0.04848390246335362	235.09993965612668
0.16011768007001675	0.04143600276961166	235.09993965612668
0.14317178658043078	0.04613234488098716	235.5237765239716
0.14317178658043078	0.04395938636869412	235.19435585694737
0.14317178658043078	0.04726898233392931	235.4090895081506
0.14703596239136035	0.044985101898681434	235.34105566209882
0.16032221019455128	0.044985101898681434	235.88115322919657
0.15260606829623324	0.044985101898681434	235.54384829528144
0.15991290046066955	0.041548416693159396	235.6096019384131
0.15991290046066955	0.04536341850659272	235.267907458825
0.15991290046066955	0.046498003733059276	235.4915329585764
0.1712108786448278	0.0478536885203316	235.59721816437505
0.1712108786448278	0.04647585487841343	235.02386667280527
0.16451565084977227	0.04448825558759088	235.3011057498374
0.16451565084977227	0.04448825558759088	235.3011057498374
0.15597574776756454	0.03916304123856543	235.3011057498374
0.1622932973896929	0.03741191007026822	235.3011057498374
0.1319086555060547	0.03949679307738645	235.4014496666134
0.1319086555060547	0.03949679307738645	235.19330240026193
0.16152654097783695	0.0377852262364027	0.061891206460818346	235.44538127030097	208.04738098696347
0.16522775524580352	0.043138799281575456	235.1441147107192
0.16779632030649627	0.04561790308207032	235.45216768538535
0.16779632030649627	0.041106716057054536	235.8653878072626
0.1672639699905203	0.041106716057054536	235.8653878072626
0.19233679512501772	0.03637138355559082	235.8653878072626
0.16837687330309528	0.045820801407994924	235.8653878072626
0.16837687330309528	0.0464214618151775	235.8653878072626
0.16837687330309528	0.0464214618151775	235.8653878072626
0.1481493508864135	0.04783170620648466	235.8653878072626
0.1481493508864135	0.054185269112906914	235.8653878072626
0.1319887076555823	0.05055288205236788	235.6090815695508
0.1319887076555823	0.04771917950457113	0.06832515742780779	235.71057492257708	205.57963656637057
0.13764342839650115	0.04828266945245308	0.06460420262872187	235.71057492257708	205.57963656637057
0.13957302806945046	0.0490516484905436	234.73597463463668
0.15390717576360569	0.04501032559835655	235.98915950223812
0.15030814724546085	0.042349365761640397	0.07306579127246857	235.99742042009137	204.5637174760036
0.13349651465477697	0.03794163612139336	0.08081381720194857	235.37333273459885	205.0174377298198
0.13349651465477697	0.03794163612139336	0.08793615697461739	235.70742089176537	205.02501566662426
0.13349651465477697	0.03794163612139336	0.08793615697461739	236.0184308658699	204.89201017213938
0.13349651465477697	0.03794163612139336	0.08793615697461739	235.7992183327692	204.85997013913587
0.16160121991777895	0.030938233907150357	0.08076718878832582	235.87192291430125	204.91070096626572
0.16160121991777895	0.03336501018099539	0.08076718878832582	235.45266548545615	205.80139560828874
0.1503306244057866	0.04224683593664533	0.095329428514445	235.50926706162463	206.4186040265757
0.16071748519838094	0.04331042030290499	0.11036898622558017	235.66541608498835	206.2150109172747
0.16608317041118786	0.03965883928939516	0.10196873431244052	235.66541608498835	206.2150109172747
0.16608317041118786	0.03965883928939516	0.10196873431244052	234.9808435271152	205.6878120142031
0.16608317041118786	0.03831923982514199	0.04004730138386264	0.09491017257994086	235.2716377930443	230.76097182331102	205.81902332445944
0.1577220752479513	0.03648538598938442	0.09205702757756733	235.36638823382003	206.16590398532682
0.15588561212394184	0.038996552423452985	0.09205702757756733	235.64791307055276	205.55273128017734
0.15599644758205128	0.03226451612352614	0.11490097210102224	235.57965121659618	205.76958057406813
0.15599644758205128	0.03226451612352614	0.11490097210102224	235.1930739816859	205.383210679122
0.15599644758205128	0.03013454770760942	0.0926192192097137	234.5677617855497	205.77623976485862
0.14047968889428658	0.03271349235439532	0.09250015593116996	234.7781352107233	206.05874413411982
0.14047968889428658	0.03271349235439532	0.09250015593116996	234.4115634958436	205.89906858037835
0.14047968889428658	0.038413893067071464	0.09250015593116996	234.8889557505513	205.37417213043392
0.14047968889428658	0.038413893067071464	0.09250015593116996	234.8889557505513	205.37417213043392
0.16594654657171987	0.043733335274875544	0.08101796351485804	234.8889557505513	205.37417213043392
0.1665168796950761	0.03908948279845178	0.08101796351485804	235.31572677155006	205.41611419573243
0.1665168796950761	0.03908948279845178	0.08678068891447623	235.39644342446843	205.2517358163771
0.17510758133250126	0.035299320055247906	0.018837610413281157	0.09090819420952424	234.81940970649254	211.63338927701892	205.62440409841585
0.14947567662879643	0.028389780438049583	0.10126283621300054	235.4323609007216	205.34451810677155
0.14947567662879643	0.028389780438049583	0.09977399571864416	235.0881644184352	205.2707284489989
0.14947567662879643	0.025097457142488996	0.11008799751311603	235.0881644184352	205.2707284489989
0.1539524214006202	0.028026012979914857	0.11000029892944647	235.0881644184352	205.2707284489989
0.1487615641775708	0.027938276158732556	0.0926417719772058	235.31430932195977	205.25201009600278
0.1487615641775708	0.027938276158732556	0.10359009790761037	235.31430932195977	205.25201009600278
0.1487615641775708	0.03322676232947524	0.10892410846153493	235.31430932195977	205.25201009600278
0.152126329144566	0.0324424837264224	0.0966687560614647	235.31430932195977	205.25201009600278
0.1618177766259829	0.17514424375778279	0.033357339996859525	0.09410471348290929	280.60597513391536	235.21334563886063	205.66155460825127
0.1685267319475415	0.03512294226008069	0.0739645703516355	235.21334563886063	205.66155460825127
0.1685267319475415	0.03512294226008069	0.0739645703516355	234.94443795496807	205.97507131725027
0.1685267319475415	0.040709547167737996	0.0739645703516355	235.3541831101259	205.53152015022744
0.1824057915684349	0.03830571037565415	0.0739645703516355	235.3541831101259	205.53152015022744
0.1824057915684349	0.03879254508536804	0.0739645703516355	235.43743703595032	205.68149391767616
0.17683015772525282	0.033110711147099355	0.0739645703516355	235.347268567228	205.8515105070513
0.16261784465441304	0.0341829166775069	0.07037957129234937	235.50511336702382	205.82917342932
0.16261784465441304	0.0341829166775069	0.07037957129234937	235.35805683626643	205.75399381412046
0.148117847867091	0.03698573346889397	0.06909576132562802	235.73638536537598	205.95792309100608
0.148117847867091	0.03698573346889397	0.07012991926389646	235.28882752393795	205.3789753420679
0.1675690750526371	0.04227065300348813	0.08264777378851212	235.72024765660606	205.72315886190495
0.1675690750526371	0.032919441702656406	0.08492844590149606	235.72024765660606	205.72315886190495
0.16770164248145691	0.040467075325060275	0.0875820412887207	235.61523885317973	205.64098701000526
0.15931581086459828	0.040467075325060275	0.07666675049095022	235.64116716096558	205.78134648740578
0.15931581086459828	0.040467075325060275	0.09125661433916404	235.78364981939401	205.843732551913
0.15920708864543928	0.03945572124131279	0.08477059209706542	235.99817057515742	205.47042654363315
0.15920708864543928	0.03090908320377603	0.0750524846356484	235.7777129267532	205.49404678568033
0.1716027715157801	0.04363009380913318	0.08052107232358413	235.7777129267532	205.49404678568033
0.15738718860865245	0.04213471473964886	0.09919460796969061	235.7777129267532	205.49404678568033
0.16637668012961987	0.042291190218945986	0.11277997318111296	235.29365784211097	205.76240496904833
0.13999514615068723	0.03423565889763145	0.09999547759124275	235.64936070565935	205.98568977793084
0.16467514046114667	0.033768723293338285	0.08454403895735584	235.64936070565935	205.98568977793084
0.14783606445601302	0.033768723293338285	0.08454403895735584	235.64936070565935	205.98568977793084
0.1715328383691398	0.03365726023773906	0.0986642591919328	235.32744073421904	205.71427497898623
0.14076485396524244	0.03529706479455882	0.09604357233279692	235.39811679961278	205.43497267869742
0.14076485396524244	0.03529706479455882	0.09604357233279692	235.39811679961278	205.43497267869742
0.1476325212709889	0.03247945754146008	0.12949227895266846	235.24079903433238	205.79993093623642
0.1476325212709889	0.03247945754146008	0.12949227895266846	235.0361326699882	205.9935799569327
0.1476325212709889	0.03393659885912494	0.12125787552044275	235.0361326699882	205.9935799569327
0.16639605628374968	0.039254971790394624	0.13992973818542265	235.42593016889816	205.77695286876914
0.15671926268738232	0.033000509667103835	0.09020006039580014	235.42593016889816	205.77695286876914
0.16153510075906813	0.04091060609912244	0.11609201876420061	235.7468999767262	205.34989999640914
0.17587063887975424	0.04091060609912244	0.11041312421718928	235.7468999767262	205.34989999640914
0.1672432127304368	0.03705502888146638	0.10575390407036521	235.7468999767262	205.34989999640914
0.17874751251866347	0.02767276858188846	0.09635222284662182	235.7468999767262	205.34989999640914
0.17874751251866347	0.03807075134235422	0.10145783691257271	235.70035403392012	205.2916967499806
0.17874751251866347	0.041752506050017735	0.08780450586049196	235.40976318768531	205.7651792013947
0.16689934428641193	0.044268506186542905	0.08780450586049196	235.3369213900114	205.32662804665233
0.15022624027690476	0.038373442830724656	0.075524533638021	235.3369213900114	205.32662804665233
0.18423006226104627	0.030327859783072866	0.08417401311016291	235.32472425723293	206.45364978143874
0.18423006226104627	0.030327859783072866	0.07971656549415262	235.69363725496552	205.98207283577543
0.18423006226104627	0.029529459799269114	0.07971656549415262	235.76016406017976	205.73479040880466
0.18423006226104627	0.029529459799269114	0.07971656549415262	235.63890361486688	205.77134219669017
0.15974856671635038	0.03136746910270548	0.07688557869520123	235.69718142156955	205.34823268164686
0.15974856671635038	0.030307816268483008	0.06475324938091609	235.69718142156955	205.34823268164686
0.15974856671635038	0.03700280671601026	0.028383824116135575	0.05597417601873756	235.69718142156955	226.9201723367523	205.34823268164686
0.15220349261914157	0.029425831857613858	0.05586672627595982	235.69718142156955	205.34823268164686
0.15664460089012514	0.038448278094578354	235.69718142156955
0.16193607073933458	0.0384960829142009	235.69718142156955
0.17181823021451081	0.0384960829142009	235.69718142156955
0.16917406102466212	0.03989577950570574	235.69718142156955
0.16917406102466212	0.03989577950570574	235.59639943380313
0.17706711643145231	0.04918845776975467	235.4129296164429
0.19309507725925945	0.045778398287915315	0.07057614808884558	235.4039661494655	205.78987184143253
0.18540003962630333	0.04364093198144787	0.07264723578343599	235.01592981997447	206.21075196285054
0.17503782473160948	0.04364093198144787	0.08419276364299828	235.2716480134127	206.1155786411654
0.15984405983997124	0.04364093198144787	0.10551238720993268	235.5635517879883	205.6174594649449
0.15383064854350037	0.03996603619276248	0.10566364262406382	235.99212655136117	205.16615459008622
0.17723177903808057	0.035959150146387495	0.14216913380878343	236.00146328607238	205.54334046073384
0.19088848350381843	0.035959150146387495	0.13246526175975634	236.00146328607238	205.54334046073384
0.19950524714228282	0.0348472941412572	0.13246526175975634	236.07214691970526	205.6598229246796
0.19950524714228282	0.0348472941412572	0.13246526175975634	236.07214691970526	205.6598229246796
0.17823187090688342	0.029334956791358616	0.1163856997298796	235.58702683055452	204.61126923115793
0.15589613285440593	0.04383427756291304	0.10942133987569136	235.58702683055452	204.61126923115793
0.15589613285440593	0.03789955896031947	0.09529601316338619	235.58702683055452	204.61126923115793
0.153260233204196	0.042213951270438886	0.0868540048529557	235.72112621309583	204.94771287010235
0.1453970678980974	0.18755299693917418	0.042213951270438886	0.0868540048529557	242.818663968865	236.13975366300446	205.0356455352
0.14969294743353537	0.042213951270438886	0.0868540048529557	235.676969696098	204.48880199604065
0.1799480866432048	0.036823624110100636	0.07892115267068484	235.6154991137833	204.97311446419658
0.17456080582153372	0.036823624110100636	0.07892115267068484	235.48740850254273	204.9403474264981
0.17562090716906884	0.03711087693393007	0.08699532411693074	235.6785175781092	204.50513985921557
0.17562090716906884	0.03711087693393007	0.07419261685874552	235.6785175781092	204.50513985921557
0.17562090716906884	0.03952176805970668	0.08416169086470998	235.6785175781092	204.50513985921557
0.17562090716906884	0.035130789260520275	0.10071231834114473	235.33911179325244	204.10755248834658
0.17562090716906884	0.035130789260520275	0.10071231834114473	235.68464873835927	204.57635712069057
0.17562090716906884	0.03399892142694824	0.09103798431588811	235.46424851437231	205.40291022925825
0.1543076156486624	0.04145265561530275	0.08660667093364205	235.02238300020827	205.2808080917243
0.16264446455774043	0.04054242613053319	0.08391041030807753	235.04781515476668	205.4972071875647
0.15234652825169298	0.04054242613053319	0.08406865490826829	234.82526355651086	205.52613095834076
0.16098871620137528	0.04054242613053319	0.08744652876481135	234.78363843335586	205.47906706733843
0.14278927403449984	0.03826508668242864	0.09463788785504468	234.78363843335586	205.47906706733843
0.14278927403449984	0.03826508668242864	0.08103017954254307	234.45458987157235	205.7248627763697
0.13511608599459324	0.03822733876235604	0.0901939102955526	234.78391783165932	206.18338051171204
0.14043439096810725	0.03389782873101162	0.09521972748601135	235.16252025191739	206.50285255396773
0.14971790541964697	0.038015248363627	0.10491652185556638	235.26058212517208	205.71576651236256
0.15318849936007065	0.03324052163154267	0.10613633276871401	235.17640312178744	206.0010836753459
0.15318849936007065	0.038285480389006726	0.10613633276871401	235.3919003030711	206.0410570168697
0.15318849936007065	0.03710535281481374	0.1183981627571031	235.49636988578126	206.39437977478082
0.1635406438056908	0.03746920591209081	0.1183981627571031	235.157218634208	206.2941624916523
0.17180842634350454	0.03746920591209081	0.1183981627571031	235.157218634208	206.2941624916523
0.17723463386001986	0.03751978255772922	0.10893129878638921	235.5205426542879	205.72755667572233
0.1635893954055403	0.04038963420904098	0.09787206079158182	235.68757024845414	204.85439410925596
0.17349853505019341	0.03683417323407	0.09787206079158182	236.07427744099053	205.15412422088016
0.15868631017461	0.040302268671281845	0.1238278925656531	236.0546836475273	205.30131026379183
0.16733090158501168	0.03994756412858088	0.13386823529816388	236.05724709745004	205.135125450502
0.16733090158501168	0.03994756412858088	0.13386823529816388	235.56424670554952	204.8629916721219
0.16733090158501168	0.03994756412858088	0.13386823529816388	235.72030016395283	205.30061135984676
0.16868280364313493	0.033843523872503715	0.12506059486058796	235.3778623439969	205.1433724517267
0.16868280364313493	0.037597561162091966	0.14658776991130443	235.76121825032743	205.12145039576774
0.17475319471893458	0.03802597066297788	0.1384257568169833	234.82876074819578	205.6414545869616
0.17311765385010164	0.044339130815882484	0.01790208588760845	0.0990148248039943	235.009036105734	215.08059812323188	204.7993923759492
0.17958724496481834	0.050524808877379576	0.01983216049859721	0.11663088653909558	235.4956411361814	214.3759630418285	205.08947546901476
0.17958724496481834	0.050524808877379576	0.01983216049859721	0.13347000317854363	235.92530231525572	214.53611824062278	204.68266563888417
0.1476565967529621	0.03352480067897538	0.11227492364002745	235.92530231525572	204.68266563888417
0.16179591057898945	0.03963608254419166	0.10329945254606598	235.92530231525572	204.68266563888417
0.1720494348566145	0.035388753512408104	0.11173113239481972	235.92530231525572	204.68266563888417
0.15157410754258938	0.03177749769419895	0.09951496427058176	235.92530231525572	204.68266563888417
0.15157410754258938	0.03177749769419895	0.1098071707114597	235.27548722616243	206.01120500945066
0.15157410754258938	0.03177749769419895	0.09335572153411836	235.08073547005753	206.01837938284808
0.15157410754258938	0.03177749769419895	0.09335572153411836	234.54680464827143	205.48344256132714
0.15157410754258938	0.04194598905726731	0.08985745452174994	234.54680464827143	205.48344256132714
0.17605033085311092	0.03587926416082142	0.09089309372647104	234.58322800301164	205.9064218494966
0.18279419457233598	0.033123572857979976	0.08951057792805615	234.58322800301164	205.9064218494966
0.15056517905393482	0.03593615763295174	0.08951057792805615	234.20601259220433	206.12060055751934
0.15056517905393482	0.03593615763295174	0.08951057792805615	234.29600421779915	205.9535164452755
0.1257405974188166	0.03349823344325631	0.1034369689353658	233.80927796333128	205.4832150138054
0.14970028232472943	0.03349823344325631	0.13070295785205205	233.9185494107909	205.74485471400973
0.14970028232472943	0.03349823344325631	0.13070295785205205	233.9185494107909	205.74485471400973
0.14970028232472943	0.03349823344325631	0.13070295785205205	233.9185494107909	205.74485471400973
0.16770009005496894	0.03762700982783738	0.1104910589848679	233.8570386439619	206.00142223740897
0.14581693548237834	0.039208986943840646	0.10948739008103721	234.12733202510591	205.3556742562779
0.1726052274363371	0.040948172460725886	0.10948739008103721	234.65867366458585	205.4786982249693
0.18138208388944962	0.036437064491661966	0.10948739008103721	234.95487809538437	205.35181923243846
0.1586636269248931	0.036437064491661966	0.10948739008103721	235.16578722945974	205.24231121200364
0.1586636269248931	0.03313712136552137	0.12038559000759066	235.16578722945974	205.24231121200364
0.1586636269248931	0.03240550574920999	0.12038559000759066	235.46446961528514	205.17734116421755
0.1502538164150781	0.05018259806661311	0.02536596494218494	0.12570070659436872	234.73920577720074	225.14875105252838	205.2105488208914
0.17863731507317634	0.060548209103711476	0.03375663999589816	0.1501709649394048	235.17719749620494	225.4964589534121	205.0302001016956
0.17493874261715212	0.0349830028851684	0.1284103441843576	235.1325104831521	205.21994270416303
0.17493874261715212	0.033577264756642966	0.1284103441843576	235.28049622053405	205.20394585329967
0.16258945870782196	0.033577264756642966	0.12643919348806834	235.26781698047043	205.46441666428927
0.14758359522428097	0.033577264756642966	0.10582806777577838	235.26781698047043	205.46441666428927
0.14758359522428097	0.028412590721676012	0.10582806777577838	235.26781698047043	205.46441666428927
0.14758359522428097	0.028412590721676012	0.10582806777577838	235.26781698047043	205.46441666428927
0.1507356204384233	0.0294608700044658	0.11387191128997373	235.26781698047043	205.46441666428927
0.15998700805788565	0.028119477083451156	0.11209778841499325	235.26781698047043	205.46441666428927
0.17569524469439168	0.029986620361244394	0.11209778841499325	235.26781698047043	205.46441666428927
0.16912431392053093	0.03569362247736	0.11115781524516176	235.26781698047043	205.46441666428927
0.14650474014775203	0.03581766935889549	0.11115781524516176	235.3184631146234	205.34236250855668
0.14650474014775203	0.03328159467947475	0.11067897492888393	235.1192344949767	205.1930288499539
0.15093418236437414	0.034025084966026256	0.11555991117415178	234.71877888816226	206.16939857645608
0.1786514952307933	0.02839986654918335	0.11555991117415178	234.778879478278	205.80686411635426
0.17881423082924341	0.030736441286143328	0.11018154207868348	234.778879478278	205.80686411635426
0.17881423082924341	0.030736441286143328	0.0951551144385654	234.778879478278	205.80686411635426
0.17881423082924341	0.030736441286143328	0.0951551144385654	234.6395858359598	205.90809016961148
0.17881423082924341	0.030736441286143328	0.10259446382965043	234.44320612498083	205.74343055926536
0.17881423082924341	0.03630747898010284	0.1068946098820473	234.68633931143398	206.54651682907473
0.17663085375360513	0.03304434188914285	0.1068946098820473	234.62351461530335	206.99637713331393
0.165180230575883	0.03592806742885538	0.09398055177299407	234.67164929364512	206.82521109504344
0.14152939733988565	0.03731259014180273	0.0891490796840984	234.56846081029136	207.16981759195292
0.14152939733988565	0.03763083867409508	0.08222232229500387	234.47206282363393	206.7822761098413
0.14231542651153356	0.032682422107877876	0.09169226974090305	234.47206282363393	206.7822761098413
0.14231542651153356	0.033246979762554016	0.0914586176446664	234.47206282363393	206.7822761098413
0.14231542651153356	0.02788591532168126	0.0914586176446664	234.4400263971989	207.0058207078197
0.14231542651153356	0.02788591532168126	0.0914586176446664	234.67611239930469	207.07270941524982
0.16010995617979384	0.030220813444842426	0.0914586176446664	234.1397501484832	206.79570614384306
0.17038751461258278	0.0331320857156898	0.08264518037078582	234.1397501484832	206.79570614384306
0.15553896734219647	0.0331320857156898	0.08264518037078582	234.15096951099449	206.77000064085698
0.15932668987266865	0.03697542316332372	0.08204819037154383	234.1940039649109	206.981674845276
0.19035722551595474	0.03806203796960425	0.07894844021476001	234.7864327389709	206.6123404173123
0.18694992163043822	0.03806203796960425	0.09386133716201096	234.2228686650334	206.28737335409508
0.18694992163043822	0.03352558462697153	0.08961705848430228	233.8802861314471	206.66663270646518
0.1681574307563797	0.03506165671281999	0.07790161434546285	233.93947170067088	206.26212793070346
0.16626067003666553	0.03506165671281999	0.07790161434546285	234.01001076617288	205.78719259074074
0.16626067003666553	0.03506165671281999	0.07790161434546285	233.7416765273482	205.68766353907918
0.18107338724898442	0.031846140440554324	0.08989803387035986	233.7841582978126	206.05716553017314
0.17889159173953303	0.030263099544987824	0.08315707539387451	233.84583177902323	206.1384250536411
0.17889159173953303	0.03137932078220882	0.08315707539387451	233.71740269335174	205.32265410965465
0.17889159173953303	0.03137932078220882	0.08315707539387451	233.71740269335174	205.32265410965465
0.15340240667930274	0.03706929169555185	0.1018885410324681	233.69395782033692	205.47705442257643
0.16451184280590053	0.05103552851475719	0.02814362641064131	0.09741638787484161	233.8943171174035	217.4535792268601	205.57053105523156
0.1729849309420493	0.03741743940407848	0.07859494780562518	234.40817668248886	206.14985746478655
0.1579547927793477	0.03184590395353156	0.10747201698755263	234.40817668248886	206.14985746478655
0.16665823774686375	0.030770852259561783	0.12753135884515363	234.40817668248886	206.14985746478655
0.16665823774686375	0.030770852259561783	0.12753135884515363	234.4738990199146	205.67059933890664
0.18830073061412383	0.030770852259561783	0.1009850341372662	234.50374596097657	205.9046822512364
0.1715535470733413	0.028184345681121097	0.09030898022412967	234.50374596097657	205.9046822512364
0.16568609817702484	0.03224404163969861	0.08551797395030689	234.59673690429022	206.57339748033223
0.17192270409877153	0.03978438257445578	0.10163113923866006	234.7549921374751	205.81173887232782
0.1796708071441794	0.03978438257445578	0.10038983994412033	234.53922306547298	205.83473919635864
0.1796708071441794	0.03978438257445578	0.11349720880710691	234.48587483546532	205.3315260627972
0.162592646442685	0.03485086325597867	0.12293643569259075	234.45282768907663	206.20249341170566
0.162592646442685	0.0330664146011116	0.12293643569259075	234.07786327985494	205.74930073667946
0.15889505169044033	0.0330664146011116	0.10496116717523828	234.07786327985494	205.74930073667946
0.18330204665068328	0.037529087347173196	0.10345264784456759	234.2225955870042	205.35963992204552
0.1633088472770935	0.037529087347173196	0.0988534740027717	233.89897827103297	205.1105471698627
0.1550665150713364	0.04307951584806064	0.08380492329264994	234.36292502417297	205.73555905515204
0.1550665150713364	0.04307951584806064	0.09744988824775154	234.65485396264918	205.79463186484534
0.1368299143149999	0.04307951584806064	0.09744988824775154	234.424805206623	205.7380447320194
0.1368299143149999	0.04307951584806064	0.09744988824775154	234.2418638642629	206.077947256171
0.1368299143149999	0.04473722887556673	0.09744988824775154	234.59853778261012	205.85602216990947
0.15360466536268716	0.03920815277494507	0.10319525869907098	234.1551758546978	205.63406447320565
0.13981227014318698	0.03920815277494507	0.12364065917177247	234.16453350704074	205.53204417759395
0.13981227014318698	0.03381023110115416	0.10009936654782854	234.2947706036029	205.2871791101959
0.1498025466400003	0.03107451913389394	0.10009936654782854	234.2947706036029	205.2871791101959
0.15561091878747518	0.02403824793678057	0.11085802899549123	234.71615854530876	205.45953910583512
0.15561091878747518	0.02403824793678057	0.09811245390309586	234.71615854530876	205.45953910583512
0.1516313651476032	0.05679786153177352	0.016406988112290796	0.10561007213849677	234.71615854530876	223.86749802455503	205.45953910583512
0.18022988493504025	0.0617210893710978	0.01684751492313922	0.0883625435280752	234.41549672004132	223.52884643930062	205.57328112350552
0.18518552562574478	0.04982881935642757	0.022500517869669577	0.08905863569101563	234.2524546797352	223.2859677858352	205.5795179697383
0.1825339571705644	0.03421567694309536	0.08905863569101563	233.55041497163577	205.44132771181899
0.16833533277566576	0.03630081289110913	0.08873184530538356	233.55041497163577	205.44132771181899
0.17677207413424903	0.0332263764164156	0.0875163564793383	234.09598955169136	205.75662721948325
0.164162880665014	0.040973397282180586	0.08170100641658001	233.9181357984325	205.61114609309266
0.14466502173897328	0.030207930152105242	0.10629872581649054	233.80411523383748	205.52456758129543
0.14466502173897328	0.030207930152105242	0.10629872581649054	233.32160202892405	205.8984709170249
0.15213976982117383	0.039178849312690715	0.1025229287802561	233.17401993825436	205.5934442590123
0.17499203683158196	0.03754902314864042	0.1025229287802561	233.40839777065648	205.54996995495557
0.1963866057488758	0.03754902314864042	0.1025229287802561	233.40839777065648	205.54996995495557
0.193317961295073	0.03754902314864042	0.09730112013775162	234.0594006491124	205.06233449080588
0.193317961295073	0.03566885063232888	0.10990309245442968	233.8811634224412	204.9756647130039
0.193317961295073	0.029758708070613885	0.09948942333897608	233.99812718807115	205.2110380843121
0.17599793813030976	0.029758708070613885	0.10493328287971326	234.33240441363026	205.45923183073356
0.1602436882529001	0.03417250489238537	0.10146574779715374	234.33240441363026	205.45923183073356
0.1602436882529001	0.03417250489238537	0.10146574779715374	235.26564392726212	205.7196455761728
0.15421851755273028	0.03531622859758875	0.10861429856152474	235.41402534691144	206.0413953536246
0.1519281789664245	0.03531622859758875	0.10861429856152474	235.41402534691144	206.0413953536246
0.17629781603729827	0.03531622859758875	0.11437835834124464	235.2724737335382	206.1762247521158
0.14874896796566242	0.038923074459005544	0.12098906300728396	234.93652665796893	205.25937755140347
0.1524143628885668	0.03335976789934118	0.16220147583008646	234.62055097192052	205.37848980297963
0.1524143628885668	0.03335976789934118	0.16220147583008646	234.185047705965	205.3461788389805
0.17522234677414306	0.03160318096877461	0.12103567807621264	234.60932338832868	205.13322200670254
0.17522234677414306	0.036881523730278226	0.11826758996094006	234.60932338832868	205.13322200670254
0.17522234677414306	0.03742470584160459	0.1148855841958186	234.60932338832868	205.13322200670254
0.1643471151295534	0.038514826425536934	0.10292112652608217	234.60932338832868	205.13322200670254
0.16192566936382055	0.03417052227920021	0.11413099248046565	234.60932338832868	205.13322200670254
0.13741174581534646	0.030518203488579823	0.09139696520705426	234.60932338832868	205.13322200670254
0.13741174581534646	0.03310477166360668	0.1015217252420939	234.60932338832868	205.13322200670254
0.1640155171931033	0.03310477166360668	0.1015217252420939	234.60932338832868	205.13322200670254
0.1640155171931033	0.03310477166360668	0.09832089579830074	235.66467868668227	204.99298159999285
0.18084757881596408	0.030423625559877782	0.08843032348356408	235.97371395732551	204.94241715457844
0.18084757881596408	0.033517483286232067	0.0899129136243971	235.97371395732551	204.94241715457844
0.18528090104745273	0.0358426433590368	0.09487054475509976	235.97371395732551	204.94241715457844
0.15573979179627903	0.09075092388047132	0.03635098106876088	0.09487054475509976	235.97371395732551	234.62593070972144	204.94241715457844
0.14531036175025114	0.03371158358930101	0.10943625152567325	234.67374086420992	205.5076515224291
0.1623275974497307	0.029831509283238362	0.10943625152567325	234.35029428094728	205.50621627125253
0.14869754253503836	0.029831509283238362	0.11212294319555753	234.2839155507684	205.3543254369701
0.15071652520693052	0.029831509283238362	0.12607546692509722	234.9460327338738	205.96229979513868
0.15460083487635284	0.027926940490020785	0.14758860852708677	234.69706327666853	205.59331866314466
0.19054253620849868	0.03323128777918329	0.13953532325863313	234.69706327666853	205.59331866314466
0.15429608047174015	0.03323128777918329	0.13953532325863313	234.71725422476345	205.81577243815045
0.1571288180738584	0.03323128777918329	0.12139124131416362	234.6049607536106	205.51230851706669
0.1571288180738584	0.03323128777918329	0.12139124131416362	234.69724350128894	205.0870183210459
0.15824187102368195	0.02816545117115613	0.12815682221240138	234.71322309055344	204.9290394188263
0.1417933399379611	0.03109932085431655	0.1249933648893283	234.4312406522617	204.70829415259655
0.14885864951004593	0.03295371422017893	0.10875779623033953	234.3581132404734	205.29213684412127
0.14885864951004593	0.030181535146351808	0.11413796923318342	234.00772332644317	205.30068889168
0.15540122764566486	0.03194779786674553	0.09595861985017949	234.41186368836802	205.20599456439902
0.15540122764566486	0.034085878681452964	0.09113584377978137	234.75675077382985	205.69530553254359
0.1489927747051568	0.03512210326026956	0.08171138153071451	234.1929311234203	205.32563804414636
0.1489927747051568	0.03950402136250427	0.08982527466966932	234.10934642165708	205.40900704364816
0.1489927747051568	0.04047421850441999	0.08982527466966932	234.55284860223318	204.9522955760871
0.14400780912426286	0.042257427706064825	0.08852522390398906	234.7611898967879	204.97845877664975
0.1569882989430788	0.044465829425098725	0.0833762778436979	234.38556128904247	205.56023111688987
0.18714019134019216	0.040470187680319035	0.09428859749743208	234.77992322382613	205.77199907615565
0.16511247588375488	0.035031378054856684	0.10372920941280094	234.77992322382613	205.77199907615565
0.15107694945601474	0.036799709676588986	0.09768006067000762	234.87860272438257	205.78120727048014
0.15107694945601474	0.036799709676588986	0.09768006067000762	234.59306843281496	206.30267481413912
0.15474337233596627	0.03320341435865834	0.11509638259069313	234.68695480118274	205.95831970775623
0.1488945629512511	0.03200210798879007	0.12078959197789185	234.29256174221396	205.43886252677606
0.14507994888077652	0.03271214763808258	0.1205403589735755	234.71703665915183	205.61227494212207
0.17200454936655105	0.02971644501775243	0.11710502302503065	234.82766596176887	205.77409580633352
0.1521486775219718	0.029067687267706647	0.11554617417925733	234.8342374063266	206.23575939830894
0.1521486775219718	0.029067687267706647	0.11554617417925733	235.01282209930724	205.248939000279
0.15603405851765037	0.02671076635185139	0.11554617417925733	234.8841878022859	205.86087934780178
0.15603405851765037	0.02671076635185139	0.11554617417925733	234.8841878022859	205.86087934780178
0.13250533784256768	0.02813442686119954	0.11611822641854358	235.03383621934137	205.6998851508801
0.13250533784256768	0.02813442686119954	0.11722384568940658	234.16598990153682	205.92794346901948
0.1316848136203316	0.036544129703623376	0.11722384568940658	233.78207164239512	205.81205344307602
0.15499815367151196	0.03216120209563227	0.1388597168596697	233.84291269941232	205.38213816684234
0.16510866345198416	0.036098688770721025	0.12871249085170777	233.952186086098	205.33093534478047
0.16510866345198416	0.030809831730782205	0.12871249085170777	234.33247902465519	205.29991172141217
0.1536192513906677	0.03331267904863574	0.1337118559568678	234.273788443228	205.49875356323756
0.1536192513906677	0.03331267904863574	0.11594111989412777	233.7034389245588	205.83070397650235
0.1536192513906677	0.033581199799234775	0.11594111989412777	233.78425732214626	205.2441843126043
0.15882413017293417	0.030399050537897012	0.11594111989412777	234.5631380888238	206.01213660119967
0.16333274722566035	0.030399050537897012	0.10546023866775998	234.60774828929797	205.74486360826674
0.1413692135828912	0.0340854852320987	0.09708741838983703	234.60774828929797	205.74486360826674
0.14688361264723715	0.0340854852320987	0.1048708895184854	234.53798034810458	205.83846985454892
0.1538809151726246	0.034665592843911755	0.1048708895184854	234.4400031345851	205.82063306334686
0.1578925305909158	0.03391153736628272	0.13001298465236524	234.41242114408013	205.53806932489962
0.15802643784061074	0.03136588240639224	0.13001298465236524	234.41242114408013	205.53806932489962
0.16119842816117722	0.03136588240639224	0.11502058831715285	234.41242114408013	205.53806932489962
0.18565790280216252	0.13748987972438242	0.03035375193082002	0.10100007654615265	281.8779729469279	234.44533924550856	205.28217793929386
0.1911785205140125	0.13748987972438242	0.03035375193082002	0.11158242380237506	281.1455788235308	233.91983551482699	205.7449291563508
0.25047194387815813	0.14685900285131132	0.03035375193082002	0.10632600951233337	281.1455788235308	233.91983551482699	205.7449291563508
0.2494083420835361	0.1545740264265479	0.03460639730966098	0.12520609955954334	281.35931526883456	234.3695307722077	205.43228265206685
0.2768006776352856	0.1545740264265479	0.03461902224703425	0.12978002243257383	281.6742714145934	234.76077053950976	205.10167875549647
0.28907695249646237	0.1545740264265479	0.03572008132693664	0.10908624705115094	281.44033188258106	234.92571421407862	205.1363867368129
0.1838230341781373	0.030685235670819756	0.12383337434838115	234.92571421407862	205.1363867368129
0.14602991821973793	0.03545907586686715	0.1324134839630333	234.6896181625079	205.1903982265449
0.14602991821973793	0.03545907586686715	0.1324134839630333	235.1672942665597	205.08777903343585
0.14602991821973793	0.034598638106412	0.1324134839630333	234.71565671167178	205.14601147561646
0.14602991821973793	0.034598638106412	0.12792946127000393	234.84975461826727	205.33052048109533
0.1565689318427459	0.034598638106412	0.1453622445614626	234.84975461826727	205.33052048109533
0.15282052954036526	0.04006538596148577	0.115450498639407	234.84975461826727	205.33052048109533
0.15282052954036526	0.04006538596148577	0.10941038438494442	234.84975461826727	205.33052048109533
0.15282052954036526	0.04006538596148577	0.10941038438494442	234.84975461826727	205.33052048109533
0.15282052954036526	0.04006538596148577	0.10941038438494442	234.84975461826727	205.33052048109533
0.17387837637317807	0.029952039977599525	0.10941038438494442	234.62423049660455	205.7753125313362
0.16566938474709303	0.029952039977599525	0.12563743711263145	234.69591099855447	205.58380548411287
0.16566938474709303	0.029952039977599525	0.12563743711263145	234.98466834609135	205.69005709386573
0.19927196086160853	0.029117629014385308	0.12906962577697534	234.98466834609135	205.69005709386573
0.19927196086160853	0.03134489818572024	0.14674966488410873	235.156324258435	204.55243805174442
0.17996807787912092	0.03501778055066985	0.15819707035250852	235.156324258435	204.55243805174442
0.17996807787912092	0.03349235364302665	0.1590065706683694	235.156324258435	204.55243805174442
0.16848197595401562	0.037447317320060645	0.13542781102922236	235.17618477998062	204.5474227151457
0.36305357483135925	0.15133968042351958	0.03411544367369137	0.12820471089258695	287.2579149524785	235.17618477998062	204.5474227151457
0.36305357483135925	0.15133968042351958	0.03411544367369137	0.12820471089258695	287.2579149524785	235.17618477998062	204.5474227151457
0.36305357483135925	0.16537988703092696	0.02966035770485799	0.12434399139920478	287.2579149524785	235.17618477998062	204.5474227151457
0.16851087134561948	0.027355525627657595	0.11051722494775607	0.13309498197906966	235.17618477998062	204.5474227151457	202.70650795142984
0.15010018196846986	0.031022879680192444	0.11938479408255878	235.17137740922507	204.59973888335136
0.15135147662395954	0.0377229459026066	0.12119976973664572	235.17137740922507	204.59973888335136
0.17647840123033434	0.0377229459026066	0.12119976973664572	235.17137740922507	204.59973888335136
0.17647840123033434	0.039602000545301864	0.12119976973664572	234.05768742615177	204.91649224557335
0.14272798809890397	0.03937629185617462	0.12119976973664572	233.68891321239067	205.65219841747574
0.14272798809890397	0.03937629185617462	0.10711947137926153	234.16827122150542	205.92595111066922
0.14272798809890397	0.04308395841766022	0.10711947137926153	233.97753363789084	206.2863178514349
0.17433508013381593	0.039066118027979393	0.09265462922734571	234.04566998531007	205.90059210451014
0.16160831882413293	0.039066118027979393	0.09265462922734571	234.04566998531007	205.90059210451014
0.15683294585174185	0.039066118027979393	0.10954210813891781	233.6462816972389	206.0471450095484
0.1477516481023779	0.03602293412549227	0.1033224380219554	233.62883356597715	205.76057109709697
0.1477516481023779	0.035627578661067465	0.1033224380219554	233.64855554477188	205.4484671007008
0.13359429521342664	0.035860852349459994	0.12303193709500312	233.9531740313489	205.68436294850116
0.15847731282914676	0.03488046683247711	0.12803957522813839	233.70881059832976	205.54848075808718
0.14077157040203733	0.03488046683247711	0.12803957522813839	233.70881059832976	205.54848075808718
0.14316108939379552	0.030984562236272276	0.14303604424614177	233.70881059832976	205.54848075808718
0.15649701100556282	0.028125824425163096	0.14303604424614177	233.70881059832976	205.54848075808718
0.4755260640299165	0.14691296828119374	0.033562309925507225	0.12983439698160062	288.2607481487713	233.70881059832976	205.54848075808718
0.45013833201605213	0.14691296828119374	0.03010618024470691	0.12983439698160062	288.2607481487713	233.70881059832976	205.54848075808718
0.4669230273493898	0.11879605685498408	0.03010618024470691	0.15410574818930362	287.4797730997725	234.01414731951414	205.07706953858036
0.4669230273493898	0.12960572829598158	0.03010618024470691	0.1115255711792533	287.4797730997725	234.01414731951414	205.07706953858036
0.16364898492419505	0.04041315829966877	0.1115255711792533	234.56326844651025	205.45949263149524
0.16364898492419505	0.04041315829966877	0.1115255711792533	234.95079680424993	205.7729238813026
0.14462250693304177	0.14281427660178178	0.04041315829966877	0.10984310725498764	266.8031908225292	234.56231085539534	205.4508707195482
0.062296135529862955	0.13790917120394355	0.04219640585578532	0.11270566837976062	292.54823944155413	234.5258042715073	205.06907818119967
0.14316139981371453	0.04301214137890091	0.12553705567088017	234.8313866131276	205.14922221469172
0.1399692704892415	0.04134012311225325	0.11590596113262693	234.80462623114576	205.0982232630573
0.1399692704892415	0.03641740509641851	0.12202768266912743	233.9914054355233	204.91907227998564
0.1399692704892415	0.035177109898154195	0.1205217318719256	234.34407409999307	205.73702066178805
0.14134964210200626	0.035177109898154195	0.10425920268351827	234.8244107865973	205.2538621615442
0.16199636532300293	0.03469336594071677	0.10039393129296842	234.56057366966422	205.45115384273436
0.16199636532300293	0.03469336594071677	0.10039393129296842	234.56057366966422	205.45115384273436
0.22017364824182803	0.15576506760485703	0.030725597145802846	0.08071544940685636	287.96592364385504	234.56057366966422	205.45115384273436
0.17097521991563908	0.030727483182342415	0.08071544940685636	234.8412623573819	205.4527971396101
0.17097521991563908	0.03371380257506387	0.08071544940685636	235.14163409564247	205.2562980420614
0.17097521991563908	0.03914930881841939	0.09063016166721435	235.14163409564247	205.2562980420614
0.17097521991563908	0.03376316266903145	0.09211622366574944	234.80575592365696	205.67270581729565
0.17097521991563908	0.03195751856650309	0.10021683231675436	0.030395637035944098	234.76587362668124	205.6874089364995	199.78421037271016
0.17097521991563908	0.03109832821421164	0.10021683231675436	0.030395637035944098	234.96416435573468	205.19973883384108	200.01154855269226
0.1445320557080862	0.03109832821421164	0.10526262431688438	0.030395637035944098	234.88986591494987	204.98620106518754	199.77000807604495
0.14941448521240253	0.032847724597885666	0.17099480752785357	0.02898860962403937	234.93229785843366	205.15459474103412	199.71418936911886
0.1550673451083904	0.032847724597885666	0.17840344300666935	0.034306373237131434	234.93229785843366	205.15459474103412	199.71418936911886
0.1550673451083904	0.030924748703028086	0.18927414718559193	0.032615423880637685	234.82640576248593	204.97623170390037	199.66941609468242
0.16815304796099503	0.03479783850042382	0.1764317528597164	0.024109503995239666	234.84689638561747	204.54207542658312	199.5360106171589
0.16815304796099503	0.03479783850042382	0.20088234915271702	0.024109503995239666	234.78717070184788	204.81222450422652	199.5280579368162
0.16383756565460364	0.03479783850042382	0.2239939568714672	0.024109503995239666	234.8970464257399	204.63867904941367	199.68544119817835
0.16383756565460364	0.03836706527375058	0.21031470628629448	0.024109503995239666	234.69558892720102	205.10377396834363	199.68544119817835
0.16383756565460364	0.03836706527375058	0.21031470628629448	0.02417292608011099	234.9491766670898	205.36283589484705	199.7155509031502
0.16383756565460364	0.03836706527375058	0.21031470628629448	0.02417292608011099	234.76896128650517	205.6000495547208	199.82410541677032
0.16383756565460364	0.03774701506606175	0.2021436068317045	0.02894320075718628	234.76896128650517	205.6000495547208	199.82410541677032
0.16383756565460364	0.03793470685375617	0.2374386609616152	0.025869691016721288	234.38786830093923	205.4022391211665	199.76727836233056
0.17004287688757572	0.031961049272581955	0.2176968909725042	0.030492319488007066	234.77709486770684	205.19267254320667	199.76727836233056
0.17018844595447957	0.03815212180890865	0.2176968909725042	0.022976018544468808	234.34537479536866	205.0460784568508	199.76727836233056
0.17018844595447957	0.03908669015170924	0.2176968909725042	0.022976018544468808	234.73480222807396	204.79444390010173	199.79280226837022
0.16602178705593598	0.03147384195953171	0.1570434479251383	0.030380324320195547	234.73480222807396	204.79444390010173	199.79280226837022
0.16664868837315175	0.036340639303089464	0.14383969553750742	0.02504575821816917	234.39780525182405	204.58514024364104	199.52785122007188
0.16589730170368033	0.038818367120948785	0.11364923220324986	0.025025457094929288	234.89555709422496	205.5631614508276	199.76567569555354
0.18001074298758196	0.03421378143594427	0.09952586770275416	234.89555709422496	205.5631614508276
0.16088311081482354	0.03492667933409431	0.11843195424098174	234.89555709422496	205.5631614508276
0.1787763897785946	0.03492667933409431	0.115786334135862	234.89555709422496	205.5631614508276
0.192981514990964	0.03492667933409431	0.115786334135862	234.89555709422496	205.5631614508276
0.192981514990964	0.03492667933409431	0.10437121943276502	234.89555709422496	205.5631614508276
0.16741450675614605	0.03492667933409431	0.11203667033152943	234.89555709422496	205.5631614508276
0.16741450675614605	0.03275923127729699	0.12784045988366805	234.89555709422496	205.5631614508276
0.1458294883453363	0.03275923127729699	0.12784045988366805	234.89555709422496	205.5631614508276
0.14684508174436237	0.030303212527334016	0.12784045988366805	234.89555709422496	205.5631614508276
0.1599889706152462	0.029615348001741437	0.10503622237866396	234.89555709422496	205.5631614508276
0.16278575842484452	0.029615348001741437	0.09586648926732444	234.89555709422496	205.5631614508276
0.13784278440695333	0.03351880042979382	0.09499956490576954	234.89555709422496	205.5631614508276
0.14688399054271542	0.03351880042979382	0.09499956490576954	235.30050974408476	205.40526590870115
0.15894483673143964	0.03248087352550086	0.09737347387985167	234.8570814340112	205.78215264147403
0.14531908042086786	0.1599491932944577	0.03552428473513817	0.08038453559297666	290.6266465777971	234.98540990107813	206.00155612041402
0.16744895798306025	0.034042248194087465	0.09009485299467603	235.1347884044645	205.8009871061645
0.1683096153068028	0.032484236077148086	0.08610791268469926	234.9072464525532	206.49279309546858
0.1755580367021657	0.03647206699283259	0.104995548246969	234.9072464525532	206.49279309546858
0.1500621984409483	0.032185108474704904	0.12137908601866539	234.73142147772592	205.99588663593124
0.1670973106425858	0.028323911619505225	0.12860964440127268	234.70852958507743	206.00030353532688
0.14763883707539052	0.029102552894897347	0.09230046936548311	234.70852958507743	206.00030353532688
0.13776022234535135	0.036977427717708934	0.09095452893445048	234.70852958507743	206.00030353532688
0.13782077792421618	0.03211693402389746	0.08104020707971973	234.70852958507743	206.00030353532688
0.13782077792421618	0.03211693402389746	0.08104020707971973	234.5306847455643	206.23078474419097
0.14826826949942346	0.028290520390128516	0.09174451052962806	234.337932225556	205.9157861247036
0.1806411681204224	0.030706137855098684	0.09587614036359515	234.74645897860572	205.84460037712083
0.1806411681204224	0.030706137855098684	0.09587614036359515	235.00691888604126	205.39365326835014
0.15322550515542527	0.030706137855098684	0.11967282713312132	234.7304619953996	205.51378577132178
0.15591813306334482	0.028452827837865548	0.1351015826675643	234.90002245400885	205.7595503097708
0.17496230254843187	0.028678066526245577	0.1351015826675643	234.90002245400885	205.7595503097708
0.17496230254843187	0.029984012791835206	0.1351015826675643	234.63432772695037	205.3215591939296
0.15899810450249954	0.029984012791835206	0.138649654597564	234.63432772695037	205.3215591939296
0.1610237815634544	0.03045848914713607	0.1451261235952262	234.63432772695037	205.3215591939296
0.12592928951191443	0.029830004469530155	0.13536678525416837	234.63986068693612	205.68824198165441
0.12709878266568894	0.033416300980415675	0.12034954924802134	234.79728656864188	205.2483015566824
0.12430607531868115	0.032826795910329845	0.12034954924802134	234.74626851361103	205.3869143107094
0.11780156114661605	0.14658377383128368	0.031024931063433486	0.11962311740509186	244.9830695976442	234.74626851361103	205.3869143107094
0.11806436296046036	0.027124541835045993	0.11524830178238825	234.74626851361103	205.3869143107094
0.14013180997490285	0.022983092687649125	0.09805237530216318	234.74626851361103	205.3869143107094
0.14013180997490285	0.022983092687649125	0.10170252789056881	234.3055102432968	205.52767837573006
0.15060642921896344	0.02662710069165573	0.07904711013725241	234.83709038733127	205.10298777847768
0.17099409472911026	0.02517873000420263	0.08690794033917404	234.83709038733127	205.10298777847768
0.17121259432373537	0.02517873000420263	0.08704468302911776	234.76469121337266	205.0725489629548
0.17121259432373537	0.02517873000420263	0.08704468302911776	234.76469121337266	205.0725489629548
0.1573369077833715	0.02517873000420263	0.08847985378051997	235.00208674227292	205.56786341785732
0.15685241776320819	0.028600365115158028	0.11799873417674185	235.00208674227292	205.56786341785732
0.15685241776320819	0.031854344215544325	0.11799873417674185	235.00208674227292	205.56786341785732
0.17753059510156904	0.031443038641739654	0.11799873417674185	235.00208674227292	205.56786341785732
0.17753059510156904	0.03767802223659337	0.11799873417674185	234.97187148861292	205.79447722267724
0.17753059510156904	0.03425364083485534	0.11799873417674185	234.97187148861292	205.79447722267724
0.16314862151813736	0.03447366453080432	0.11799873417674185	234.64698188835555	205.9608677923885
0.16314862151813736	0.03447366453080432	0.11799873417674185	234.83586919455007	205.76063033155438
0.16314862151813736	0.030035759067209483	0.11799873417674185	234.83586919455007	205.76063033155438
0.16314862151813736	0.030035759067209483	0.11799873417674185	234.83586919455007	205.76063033155438
0.16985425594261291	0.036612804070855785	0.13072430085006292	234.82024164697006	205.80986925602338
0.18737195141486743	0.03666345715365986	0.13031846609950026	234.63457396486007	205.85328091389158
0.18500225522062974	0.02739010567698537	0.10323863321373453	234.98537544713136	205.7250058793005
0.17960442136877466	0.02740663568108816	0.09839549856437736	234.55517713737117	205.5100474116628
0.1542841660177121	0.02740663568108816	0.09839549856437736	234.55517713737117	205.5100474116628
0.1542841660177121	0.02484486629354937	0.09839549856437736	234.61244261902402	204.84669731280377
0.18060659902552798	0.02807193148453135	0.10734327207930579	234.61244261902402	204.84669731280377
0.17269165389728378	0.02807193148453135	0.10209267881195842	234.61244261902402	204.84669731280377
0.1649863860112702	0.03184351608100339	0.08694286350025877	234.38917892696924	205.11144345757089
0.17502862622898	0.032591728250259175	0.09396557449046568	234.60326691803576	205.7056316738259
0.15811219408933558	0.03718548867647789	0.09339581821537392	234.08469126590538	204.63229221416339
0.15811219408933558	0.03718548867647789	0.1006261776629829	233.6225102939275	205.03723525051532
0.15811219408933558	0.03152421101294262	0.10086007678603784	233.6225102939275	205.03723525051532
0.13455206892561383	0.03152421101294262	0.10086007678603784	233.74527034092048	205.2520627869923
0.15017331266249706	0.03499294774546392	0.11513523979444996	233.74527034092048	205.2520627869923
0.23790800739078025	0.13942044517871752	0.03499294774546392	0.11456977034224075	276.20033715424216	233.5154959447326	205.5022998847064
0.170353804926568	0.028757079851866284	0.10109890466706205	233.80039503714855	206.1824694810071
0.13817092244759907	0.027897964160684404	0.11493443429154399	233.9002376826902	205.68927582953427
0.13412690584124545	0.03037643490199282	0.11056426504327535	234.32949825348214	205.14213592141954
0.13412690584124545	0.03037643490199282	0.09467334930860585	234.32949825348214	205.14213592141954
0.15638350164169096	0.03231348761706227	0.11585600447820393	0.05724627302941206	234.32949825348214	205.14213592141954	200.52832683053552
0.14134688085873648	0.033408345961656774	0.10873843744457413	233.9340893745977	204.92506734052074
0.14134688085873648	0.03387575915150783	0.07902580290364898	233.92732071667555	205.86400515589736
0.16284208411622964	0.04239163279515417	0.1034382034326931	233.92732071667555	205.86400515589736
0.14947073410859923	0.04239163279515417	0.1034382034326931	233.96592355439626	205.55834400024202
0.13471050630735368	0.037310329282595506	0.08870036303945969	233.87890056141646	205.10035883481828
0.1533554727714727	0.034115986195067144	0.0877165373918732	233.92930928903084	205.48154934213218
0.13305944521997576	0.03288492948546842	0.0877165373918732	233.92930928903084	205.48154934213218
0.11769080925863667	0.15280441865377273	0.02888524639664748	0.12640194219265966	236.30739516861019	233.92930928903084	205.48154934213218
0.1297781476143504	0.022643149338268363	0.1299033082599707	233.96007402341206	205.36764224267307
0.14631766585121891	0.027041841316570697	0.1299033082599707	233.71511969211767	206.0196479686835
0.17184552735278433	0.023892499906361966	0.12273501661198874	233.71511969211767	206.0196479686835
0.16935802449918033	0.028035456550820362	0.11199857138891545	233.60986198049662	205.84477504081724
0.16935802449918033	0.028035456550820362	0.13150469221130695	233.74051070519326	205.56747804675436
0.14848665269431013	0.02690692692820939	0.13150469221130695	233.63754026763826	205.6570936496438
0.14848665269431013	0.029345254870677115	0.11736177376006846	233.81897141536749	205.68461793356465
0.15045767753092834	0.032845871057041585	0.14478604824869473	233.81897141536749	205.68461793356465
0.15045767753092834	0.03570020652176383	0.14478604824869473	233.81897141536749	205.68461793356465
0.1307687959153488	0.03212053382120201	0.14766367495750096	233.81897141536749	205.68461793356465
0.1307687959153488	0.03212053382120201	0.14803568443859869	233.81897141536749	205.68461793356465
0.1481689539018005	0.02975552684272238	0.16703678413116257	233.81897141536749	205.68461793356465
0.16562381246228147	0.02828469015682372	0.14016458369430812	233.81897141536749	205.68461793356465
0.19674427419690982	0.034072098909831115	0.14354405614719545	233.81897141536749	205.68461793356465
0.17414149150290742	0.03198632438171235	0.11429251552935163	233.81897141536749	205.68461793356465
0.15610160922871177	0.03198632438171235	0.11429251552935163	233.81897141536749	205.68461793356465
0.13940208335871165	0.028940908220810836	0.1349198775675477	233.86410742182485	205.1881677073208
0.152282301666255	0.02671041423314075	0.11761444958154263	234.45922185590297	205.35297349154988
0.15284086358602347	0.03267965190482571	0.12797370659363838	234.43084787465443	205.64040451272732
0.15284086358602347	0.030557402044048897	0.12797370659363838	234.43084787465443	205.64040451272732
0.13520871164532053	0.028810884016831097	0.12219633619298664	234.43084787465443	205.64040451272732
0.15845120204285082	0.028810884016831097	0.11758221928628014	234.72265308929795	205.62023844192365
0.15281602514771894	0.028810884016831097	0.1160616755348939	234.72265308929795	205.62023844192365
0.16716175313716025	0.031239350734541267	0.11229427938222752	234.72265308929795	205.62023844192365
0.17957454087353186	0.03296419300194949	0.11229427938222752	234.47307474560046	205.57097138341175
0.17957454087353186	0.03296419300194949	0.11229427938222752	234.50954155791416	205.8516572256583
0.1523992071068718	0.028052833195274633	0.10118034659461513	234.61610139260205	205.71474669428363
0.1523992071068718	0.028052833195274633	0.09280408095885236	234.27750758118634	206.2264082170726
0.15289686695962793	0.0276181045832481	0.09280408095885236	234.1863970249043	205.64310765465717
0.15289686695962793	0.03295288636606416	0.014772407187844411	0.10314661799205845	233.97580169974353	209.11995858543804	205.85237207186174
0.15289686695962793	0.029340063914731505	0.0954595827548685	234.47089930572585	205.99658466710304
0.1607446557542203	0.02564633638754342	0.0954595827548685	234.71946756207063	206.4450554145454
0.25146635549079244	0.13971987254235596	0.02458245815841579	0.10336182874455112	279.4628862697937	234.70375340956295	206.14578657706534
0.21884525797936957	0.16506642869107788	0.02458245815841579	0.10983507900791349	278.58009440944545	234.35045709494455	206.31409162163465
0.1570952284907667	0.15811491477536274	0.027099059025397637	0.09839603631473695	278.58009440944545	234.35045709494455	206.31409162163465
0.15784200625304992	0.027099059025397637	0.09839603631473695	234.5884435033653	205.8708649061423
0.15784200625304992	0.027099059025397637	0.09839603631473695	234.6898291675865	205.97204741167943
0.15784200625304992	0.024556587960059585	0.09443715244667149	234.6955455735205	206.45361921712976
0.17690786703375166	0.024556587960059585	0.10389435077643559	234.52349038162927	206.0976621854837
0.1833728600337429	0.026267697574230534	0.08850623868563331	234.373023935344	205.95155557324549
0.15211674427376606	0.03492231577695491	0.11501873211029219	234.6652616979299	205.77363447815515
0.15211674427376606	0.03492231577695491	0.11501873211029219	234.71340993607555	205.74684558883538
0.15211674427376606	0.02924914826385399	0.11540112550915747	234.71340993607555	205.74684558883538
0.18843066326855712	0.039866851266781814	0.12792873230051516	234.6846910186401	205.9124472853991
0.18843066326855712	0.040597166860355104	0.1338327966409145	0.052555867635565655	234.59419685727963	205.88653293524078	199.82325297040393
0.18843066326855712	0.040597166860355104	0.1338327966409145	0.052555867635565655	234.93989536423183	205.87283758168036	199.8162727980732
0.17812458085245103	0.038827504868578104	0.14457623963237512	234.67581040427027	206.2718694780365
0.14919802698472645	0.034402678080246434	0.12220573733438031	234.26817195697978	205.95481965517104
0.14107900648190355	0.034402678080246434	0.10999106819500286	234.3096970973965	206.2849767922534
0.15701833432020842	0.029875537555822913	0.11534982156270766	233.9525749566529	205.82803075964333
0.13210909190383419	0.03954453416909473	0.12636314249309621	234.06478099947665	205.9028047786714
0.14188392676515327	0.03954453416909473	0.12636314249309621	234.06478099947665	205.9028047786714
0.14188392676515327	0.03954453416909473	0.12927900804744366	233.9792716383273	205.662650749608
0.1535457703626146	0.041288952550072255	0.12927900804744366	233.67510237977953	205.49769202269823
0.1535457703626146	0.041288952550072255	0.12927900804744366	233.67510237977953	205.49769202269823
0.1535457703626146	0.041288952550072255	0.1143402763917687	233.65048525554351	205.2322912229505
0.1535457703626146	0.041288952550072255	0.1143402763917687	234.05620299789433	205.65788342959658
0.1535457703626146	0.041288952550072255	0.1143402763917687	234.15889081483203	205.94775515715727
0.1535457703626146	0.04122307789036795	0.1215625721647475	234.16588477568422	206.1723322982012
0.1535457703626146	0.03522443112051748	0.11656074960061152	234.16588477568422	206.1723322982012
0.1535457703626146	0.040652814932889615	0.11656074960061152	234.16588477568422	206.1723322982012
0.15215931484351905	0.044060906338142365	0.11656074960061152	234.21978931393897	205.63313141015138
0.15135403550547344	0.03643991840611603	0.14391193177992143	233.88080618418206	205.4790204548956
0.14469143879278762	0.03413998032796072	0.1240736865068871	233.88080618418206	205.4790204548956
0.14469143879278762	0.03728376066166285	0.133118005995876	233.9495330912792	205.2768777214375
0.15414704012130004	0.04057349558817516	0.11117500352689302	234.21134869216013	205.63616337983075
0.15104612883882898	0.03817308938858816	0.14862310700098463	234.0229380236228	205.6096659056568
0.1315825473753955	0.03817308938858816	0.14862310700098463	234.20743627920106	205.6708360306393
0.1315825473753955	0.035547202892271416	0.12691181825528186	234.20743627920106	205.6708360306393
0.14710547561873843	0.028136209884020724	0.11595979402173695	234.20743627920106	205.6708360306393
0.14710547561873843	0.0331333376960762	0.11368139677567596	234.20743627920106	205.6708360306393
0.12011773120974842	0.03392519002848376	0.12595707908638848	234.20743627920106	205.6708360306393
0.1216937893234234	0.027713117238683537	0.10780266701438035	234.20743627920106	205.6708360306393
0.14582346479172117	0.031123094163412343	0.10780266701438035	234.20743627920106	205.6708360306393
0.17329067161526257	0.029141752009770917	0.10780266701438035	234.20743627920106	205.6708360306393
0.15237063873229714	0.033367500296403826	0.10706639455951542	234.20743627920106	205.6708360306393
0.16888948619612465	0.036340559946010126	0.11025817481349161	234.20743627920106	205.6708360306393
0.1506522571686488	0.0374186782625651	0.11025817481349161	234.20743627920106	205.6708360306393
0.176923199897081	0.03753123434766602	0.1170312755653596	234.20743627920106	205.6708360306393
0.17310500508335577	0.03302709943541394	0.1069072074994459	234.20743627920106	205.6708360306393
0.22158001053755447	0.13424357271251972	0.032645402230682914	0.09699049305462891	265.8183300207637	233.84134556204077	205.83117319894126
0.21943361066465236	0.15608753636633282	0.027890943854292576	0.10948392671935854	272.1466677177596	233.84134556204077	205.83117319894126
0.18459175371660225	0.1339374994568468	0.03325123019614744	0.10948392671935854	272.1466677177596	233.84134556204077	205.83117319894126
0.18459175371660225	0.13822131487129008	0.03820790423067041	0.1304246137002239	272.00138903791236	233.84440271727445	205.83352086453155
0.16233796828185773	0.03004305657201217	0.1342531673879534	233.84440271727445	205.83352086453155
0.17385116886056426	0.032963820178916414	0.1290548152770777	233.7802401248846	205.4158441822891
0.1575672247716488	0.032963820178916414	0.13569507790200608	233.6874855313301	205.54816401851917
0.1575672247716488	0.032963820178916414	0.13569507790200608	233.98239960942666	205.51059694469708
0.1575672247716488	0.03494785697355157	0.13954357699732792	233.70648657558772	205.75880365752997
0.13874595462180592	0.034871783960166	0.13954357699732792	233.89296766282658	205.53988456214242
0.1408268527783593	0.040260268633106666	0.11799189831860313	233.89296766282658	205.53988456214242
0.1583106819545515	0.04518211278330423	0.12728796291484948	233.6882670259756	204.70935148551177
0.15861303112902259	0.044047836899025215	0.13695391180039806	234.20658340508047	205.31871948776705
0.18314363048745472	0.03391967668828116	0.1572125245722836	234.20658340508047	205.31871948776705
0.1854176796947072	0.03391967668828116	0.14483514893431287	233.7729894807372	205.52014418982245
0.149655218859846	0.03708746245672817	0.13890403120126973	233.99876124456648	205.95201359819927
0.1593398234384309	0.03253821506493545	0.13890403120126973	234.04031453590125	205.7751609497953
0.14587992044109052	0.028139892433521642	0.13075421662582876	234.05954111604322	205.4204691797892
0.14587992044109052	0.02872653405899746	0.1378154559242116	233.1916421895474	205.7314164974257
0.15271519331932906	0.02922328001344576	0.1378154559242116	233.67273341458855	205.96706811172325
0.150193363621168	0.02922328001344576	0.13426996979223516	233.67273341458855	205.96706811172325
0.150193363621168	0.02922328001344576	0.12409134133757417	233.67273341458855	205.96706811172325
0.13005103471387297	0.03190476889931296	0.11010033076136234	233.4104136619662	205.1963746904109
0.11913122220672288	0.03257679364781589	0.11010033076136234	233.23391305472893	205.51025475095992
0.12472182511015364	0.03481234441124802	0.10188424919610334	232.73153048986177	205.82139717651435
0.12472182511015364	0.03156607004730298	0.09637206773891203	233.3315741566292	206.39313732810388
0.12915093283698167	0.03624336873378944	0.09637206773891203	233.26039820433425	206.26275491022514
0.16216230436989829	0.03208050160305127	0.11789232998713818	233.17952385839158	205.81796027062222
0.14960604096040564	0.03157838865954358	0.14284861738517732	233.17952385839158	205.81796027062222
0.14198387552281144	0.03617208786981314	0.1690821535835283	233.47211821543263	205.91327893129085
0.14198387552281144	0.037347902619516336	0.1690821535835283	233.8315706840044	205.8182445216569
0.14198387552281144	0.037347902619516336	0.1690821535835283	233.35123714294596	205.5485272727538
0.1304204902545573	0.03242493204195114	0.15789049866172494	233.24730712185945	205.88776930632162
0.1304204902545573	0.029849615294329713	0.15789049866172494	233.67707454968394	205.64702541475563
0.13555176377217398	0.025501858679180967	0.13599914381325967	233.26499117503994	206.28022632149865
0.14663116793604067	0.03024000383825919	0.12800755818562604	233.5792206571184	205.85896742091222
0.14663116793604067	0.03622374625190707	0.13341543278403992	233.5792206571184	205.85896742091222
0.14663116793604067	0.03527286915586889	0.11664404444783502	233.5476129477311	206.1107146362436
0.16186648779480045	0.03259676058085353	0.11664404444783502	233.6323293213153	205.83397757175447
0.14315144186422407	0.03259676058085353	0.11164551795769023	233.6323293213153	205.83397757175447
0.16503671788719365	0.028416685944019447	0.10495404962036833	233.6323293213153	205.83397757175447
0.1480934388933892	0.02758436196791551	0.10171520798164636	233.6323293213153	205.83397757175447
0.1510329939692313	0.027364244710489944	0.11321470090429257	233.37155755604002	205.87656470252864
0.1510329939692313	0.027364244710489944	0.11321470090429257	233.71624276161796	205.78653570464706
0.1510329939692313	0.027571496490698996	0.11321470090429257	233.31186966329756	205.3760600449603
0.13784758653090923	0.028481891611349976	0.13307244720883155	233.7906598135391	205.53202337487588
0.14389245234501447	0.034246385900736906	0.10544469719943331	233.64286769084498	205.99785649275472
0.1512483122403032	0.03369066305266564	0.10119358626710316	234.2565070875284	206.1371851227943
0.14324394815396996	0.03369066305266564	0.10119358626710316	233.80801524784394	205.9804684919222
0.14324394815396996	0.0333220193860351	0.10119358626710316	233.44555339934755	205.5664775081855
0.15980995625876063	0.03064001412208212	0.10512035884979846	233.41503775020595	205.96797190337858
0.13350001856403046	0.03064001412208212	0.10512035884979846	233.41503775020595	205.96797190337858
0.14501812344326764	0.034847910310919654	0.125888444026787	233.5388291298078	205.54081912196725
0.14875620048369415	0.034847910310919654	0.11591324828435086	233.4116287304161	205.30519131083116
0.14875620048369415	0.03935488254203566	0.1282492968880744	233.0506678848475	205.81304508429213
0.1515161397565251	0.03935488254203566	0.11367842160942693	233.79169112179815	205.67408862113479
0.15691392412649952	0.03935488254203566	0.11367842160942693	233.12367163564014	206.1317347976841
0.1445729856417454	0.03728106978614983	0.11763380759939734	232.97566095383817	206.56171821477002
0.13997448208965052	0.034307319372225795	0.1205425415992919	233.07974615627953	205.8649917304247
0.14167830033316764	0.03409485521079275	0.13783227779238652	233.47686046461493	205.98358433544553
0.17129175459918974	0.034826925152893304	0.12018038129612053	233.1911948735673	206.8962929146115
0.17129175459918974	0.034826925152893304	0.12052611867208561	233.1911948735673	206.8962929146115
0.14343566398171245	0.03366138098378653	0.1040687109618635	232.84618349607484	206.51440681036297
0.14343566398171245	0.028222614618151592	0.1040687109618635	232.7124318273164	205.81361421230235
0.1512162436144805	0.028428728600045274	0.1139975932073054	233.57107974232576	206.09993826078957
0.15764140842819538	0.03365690339045303	0.12126080266009162	232.75808653780211	205.80317998065044
0.15764140842819538	0.03992246139602667	0.1118967882965418	232.6400719024421	205.48661170225603
0.141691975841094	0.040305882041699694	0.13237931796360614	232.85036227886056	205.88612519182374
0.15798102436762246	0.03965529360196084	0.10964901617983801	233.72826202473965	205.73941156849725
0.15798102436762246	0.03965529360196084	0.10964901617983801	233.11381627403725	205.62554197729548
0.15798102436762246	0.03965529360196084	0.10964901617983801	233.47651135981647	205.87150698887578
0.15360178457893656	0.04223518071438024	0.10534953637295014	233.80076533699255	205.2758785791895
0.15360178457893656	0.04223518071438024	0.10534953637295014	233.82887100402488	206.01317001178523
0.15360178457893656	0.035839047597546476	0.10534953637295014	234.01705802940202	205.82867509853784
0.16800395227385528	0.03307067397109224	0.09158537206921687	233.98198313103256	205.78327964708166
0.17378422947609723	0.03307067397109224	0.09158537206921687	233.98198313103256	205.78327964708166
0.157003099002961	0.03479668864776347	0.1029269740338729	233.98198313103256	205.78327964708166
0.15965777145173235	0.03479668864776347	0.10753170367042966	234.36433857002237	206.04529015996786
0.15965777145173235	0.03479668864776347	0.10753170367042966	234.10990426092778	205.65884699507896
0.15965777145173235	0.03522839013459795	0.0752329768491359	234.10990426092778	205.65884699507896
0.15965777145173235	0.03522839013459795	0.0752329768491359	234.10990426092778	205.65884699507896
